Android_application/Application/build/intermediates/manifest_merge_blame_file/debug/manifest-merger-blame-debug-report.txt
1<?xml version="1.0" encoding="utf-8"?>
2<!--
3 Copyright 2014 The Android Open Source Project
4
5 Licensed under the Apache License, Version 2.0 (the "License");
6 you may not use this file except in compliance with the License.
7 You may obtain a copy of the License at
8
9     http://www.apache.org/licenses/LICENSE-2.0
10
11 Unless required by applicable law or agreed to in writing, software
12 distributed under the License is distributed on an "AS IS" BASIS,
13 WITHOUT WARRANTIES OR CONDITIONS OF ANY KIND, either express or implied.
14 See the License for the specific language governing permissions and
15 limitations under the License.
16-->
17<manifest xmlns:android="http://schemas.android.com/apk/res/android"
18    package="com.example.android.bluetoothchat"
19    android:versionCode="1"
20    android:versionName="1.0" >
21
22    <uses-sdk
23        android:minSdkVersion="19"
24        android:targetSdkVersion="31" />
25
26    <!-- Min/target SDK versions (<uses-sdk>) managed by build.gradle -->
27
28    <uses-permission android:name="android.permission.BLUETOOTH_ADMIN" />
28-->src/main/AndroidManifest.xml:25:5-73
28-->src/main/AndroidManifest.xml:25:22-71
29    <uses-permission
29-->src/main/AndroidManifest.xml:26:5-27:45
30        android:name="android.permission.BLUETOOTH"
30-->src/main/AndroidManifest.xml:26:22-65
31        android:maxSdkVersion="30" />
31-->src/main/AndroidManifest.xml:27:17-43
32    <uses-permission android:name="android.permission.BLUETOOTH_SCAN" />
32-->src/main/AndroidManifest.xml:30:5-73
32-->src/main/AndroidManifest.xml:30:22-70
33    <uses-permission android:name="android.permission.BLUETOOTH_ADVERTISE" />
33-->src/main/AndroidManifest.xml:31:5-77
33-->src/main/AndroidManifest.xml:31:22-75
34    <uses-permission android:name="android.permission.BLUETOOTH_CONNECT" />
34-->src/main/AndroidManifest.xml:32:5-75
34-->src/main/AndroidManifest.xml:32:22-73
35    <uses-permission android:name="android.permission.BLUETOOTH_CONNECT" />
35-->src/main/AndroidManifest.xml:32:5-75
35-->src/main/AndroidManifest.xml:32:22-73
36
37    <application
37-->src/main/AndroidManifest.xml:35:5-64:19
38        android:allowBackup="true"
38-->src/main/AndroidManifest.xml:36:13-39
39        android:appComponentFactory="androidx.core.app.CoreComponentFactory"
39-->[androidx.core:core:1.1.0] AndroidManifest.xml:24:18-86
40        android:debuggable="true"
41        android:extractNativeLibs="true"
42        android:icon="@drawable/ic_launcher"
42-->src/main/AndroidManifest.xml:37:13-49
43        android:label="@string/app_name"
43-->src/main/AndroidManifest.xml:38:13-45
44        android:screenOrientation="portrait"
44-->src/main/AndroidManifest.xml:40:13-49
45        android:theme="@style/AppTheme" >
45-->src/main/AndroidManifest.xml:39:13-44
46        <activity
46-->src/main/AndroidManifest.xml:43:9-53:20
47            android:name="com.example.android.bluetoothchat.MainActivity"
47-->src/main/AndroidManifest.xml:44:17-45
48            android:configChanges="orientation|keyboardHidden"
48-->src/main/AndroidManifest.xml:46:17-67
49            android:exported="true"
49-->src/main/AndroidManifest.xml:45:17-40
50            android:label="@string/app_name"
50-->src/main/AndroidManifest.xml:47:17-49
51            android:screenOrientation="portrait" >
51-->src/main/AndroidManifest.xml:48:17-53
52            <intent-filter>
52-->src/main/AndroidManifest.xml:49:13-52:29
53                <action android:name="android.intent.action.MAIN" />
53-->src/main/AndroidManifest.xml:50:17-68
53-->src/main/AndroidManifest.xml:50:25-66
54
55                <category android:name="android.intent.category.LAUNCHER" />
55-->src/main/AndroidManifest.xml:51:17-76
55-->src/main/AndroidManifest.xml:51:27-74
56            </intent-filter>
57        </activity>
58        <activity
58-->src/main/AndroidManifest.xml:55:9-60:55
59            android:name="com.example.android.bluetoothchat.DeviceListActivity"
59-->src/main/AndroidManifest.xml:56:17-51
60            android:configChanges="orientation|keyboardHidden"
60-->src/main/AndroidManifest.xml:57:17-67
61            android:label="@string/select_device"
61-->src/main/AndroidManifest.xml:58:17-54
62            android:screenOrientation="portrait"
62-->src/main/AndroidManifest.xml:60:17-53
63            android:theme="@android:style/Theme.Holo.Dialog" />
63-->src/main/AndroidManifest.xml:59:17-65
64        <activity android:name="com.example.android.bluetoothchat.UserManagerActivity" />
64-->src/main/AndroidManifest.xml:61:9-56
64-->src/main/AndroidManifest.xml:61:19-54
65        <activity android:name="com.example.android.bluetoothchat.HistoryActivity" />
65-->src/main/AndroidManifest.xml:62:9-52
65-->src/main/AndroidManifest.xml:62:19-50
66    </application>
67
68</manifest>